<?xml version="1.0" encoding="UTF-8"?>
<testsuite xmlns:xsi="http://www.w3.org/2001/XMLSchema-instance" xsi:schemaLocation="https://maven.apache.org/surefire/maven-surefire-plugin/xsd/surefire-test-report.xsd" name="com.github.tlb.sampleprojects.DeepThoughtTest" time="8.41" tests="2" errors="0" skipped="0" failures="0">
  <properties>
    <property name="java.runtime.name" value="Java(TM) SE Runtime Environment"/>
  </properties>
  <testcase name="shouldTellMeTheAnswer" classname="com.github.tlb.sampleprojects.DeepThoughtTest" time="2.102"/>
  <testcase name="shouldTellMeNotTheQuestion" classname="com.github.tlb.sampleprojects.DeepThoughtTest" time="6.306"/>
</testsuite>