<?xml version="1.0" encoding="UTF-8"?>
<testsuite xmlns:xsi="http://www.w3.org/2001/XMLSchema-instance" xsi:schemaLocation="https://maven.apache.org/surefire/maven-surefire-plugin/xsd/surefire-test-report.xsd" name="com.github.tlb.sampleprojects.TatooineTest" time="2.011" tests="2" errors="0" skipped="0" failures="0">
  <properties>
    <property name="java.runtime.name" value="Java(TM) SE Runtime Environment"/>
  </properties>
  <testcase name="shouldFindNumberOfMoons" classname="com.github.tlb.sampleprojects.TatooineTest" time="1.006"/>
  <testcase name="shouldFindNumberOfSuns" classname="com.github.tlb.sampleprojects.TatooineTest" time="1.004"/>
</testsuite>