<testsuite xmlns:xsi="http://www.w3.org/2001/XMLSchema-instance" xsi:schemaLocation="https://maven.apache.org/surefire/maven-surefire-plugin/xsd/surefire-test-report.xsd" name="com.example.myproject.FourthTest" time="0.004" tests="4" errors="0" skipped="0" failures="0">
    <properties>
        <property name="java.runtime.name" value="Java(TM) SE Runtime Environment"/>
    </properties>
    <testcase name="shouldPass" classname="com.example.myproject.FourthTest" time="0.004"/>
</testsuite>